<?xml version="1.0" encoding="UTF-8"?>
<testsuite xmlns:xsi="http://www.w3.org/2001/XMLSchema-instance" xsi:noNamespaceSchemaLocation="https://maven.apache.org/surefire/maven-surefire-plugin/xsd/surefire-test-report-3.0.xsd" version="3.0" name="za.co.monte.chat.MessageTest" time="0.077" tests="7" errors="0" skipped="0" failures="0">
  <properties>
[...]
</properties>
  <testcase name="messageBodyOverLimit_failure" classname="za.co.monte.chat.MessageTest" time="0.01"/>
  <testcase name="recipientFormatted_failure" classname="za.co.monte.chat.MessageTest" time="0.016"/>
  <testcase name="messageBodyUnderLimit_success" classname="za.co.monte.chat.MessageTest" time="0.004"/>
  <testcase name="actionMessages" classname="za.co.monte.chat.MessageTest" time="0.008"/>
  <testcase name="messageHashIsCorrectForCase1" classname="za.co.monte.chat.MessageTest" time="0.008"/>
  <testcase name="messageIdIsCreatedAndValid" classname="za.co.monte.chat.MessageTest" time="0.01"/>
  <testcase name="recipientFormatted_success" classname="za.co.monte.chat.MessageTest" time="0.001"/>
</testsuite>